<?xml version="1.0" encoding="utf-8"?><testsuites><testsuite name="pytest" errors="0" failures="0" skipped="0" tests="4" time="0.039" timestamp="2024-08-11T17:41:14.851502+05:30" hostname="MSI"><testcase classname="test_library.TestLibrary" name="test_add_book" time="0.001" /><testcase classname="test_library.TestLibrary" name="test_available_books" time="0.002" /><testcase classname="test_library.TestLibrary" name="test_borrow_book" time="0.001" /><testcase classname="test_library.TestLibrary" name="test_return_book" time="0.001" /></testsuite></testsuites>